{"total": {"lines":{"total":42,"covered":10,"skipped":0,"pct":23.8},"statements":{"total":42,"covered":10,"skipped":0,"pct":23.8},"functions":{"total":7,"covered":4,"skipped":0,"pct":57.14},"branches":{"total":27,"covered":2,"skipped":0,"pct":7.4},"branchesTrue":{"total":0,"covered":0,"skipped":0,"pct":"Unknown"}}
,"/home/runner/work/SE-HW1/SE-HW1/code/calculator.js": {"lines":{"total":26,"covered":5,"skipped":0,"pct":19.23},"functions":{"total":5,"covered":4,"skipped":0,"pct":80},"statements":{"total":26,"covered":5,"skipped":0,"pct":19.23},"branches":{"total":20,"covered":0,"skipped":0,"pct":0}}
,"/home/runner/work/SE-HW1/SE-HW1/code/index.js": {"lines":{"total":16,"covered":5,"skipped":0,"pct":31.25},"functions":{"total":2,"covered":0,"skipped":0,"pct":0},"statements":{"total":16,"covered":5,"skipped":0,"pct":31.25},"branches":{"total":7,"covered":2,"skipped":0,"pct":28.57}}
}
